<?xml version="1.0" encoding="UTF-8"?>
<!-- Generated by org.testng.reporters.JUnitReportReporter -->
<testsuite hostname="IN-FVFHM15VQ05P.local" failures="0" tests="1" name="runner.TestRunner" time="12.068" errors="0" timestamp="2024-10-05T17:24:23 IST" skipped="0">
  <testcase classname="runner.TestRunner" name="runScenario" time="12.068"/>
  <system-out/>
</testsuite> <!-- runner.TestRunner -->
