<?xml version="1.0" encoding="UTF-8"?>
<!-- Generated by org.testng.reporters.JUnitReportReporter -->
<testsuite hostname="IN-FVFHM15VQ05P.local" failures="0" tests="1" name="appium.training.selendroid.TestSelendroidApp" time="20.175" errors="1" timestamp="2024-08-14T00:05:29 IST" skipped="0">
  <testcase classname="appium.training.selendroid.TestSelendroidApp" name="setUp" time="20.175">
    <error message="[The local appium server has not been started, Reason: Timed out waiting for [http://127.0.0.1:4723/status] to be available after 20008 ms, Consider increasing the server startup timeout value (currently 20000ms), Node.js executable path: /Users/parveensahu/.nvm/versions/node/v22.6.0/bin/node, Arguments: [/Users/parveensahu/.nvm/versions/node/v22.6.0/lib/node_modules/appium/build/lib/main.js, --port, 4723, --address, 127.0.0.1, --log, /Users/parveensahu/Documents/Nagarro/NAGP/workspace_BiAnnualexam/AppiumBenchTraining/Appiumlog.txt, --local-timezone], Output: WARN Appium Appium encountered 1 warning while validating drivers found in manifest /Users/parveensahu/.appium/node_modules/.cache/appium/extensions.yaml
WARN Appium Driver &quot;uiautomator2&quot; has 1 potential problem: 
WARN Appium   - Driver &quot;uiautomator2&quot; (package `appium-uiautomator2-driver`) may be incompatible with the current version of Appium (v2.0.1) due to its peer dependency on older Appium v^2.4.1. Please upgrade `appium-uiautomator2-driver` to vundefined or newer.
[35m[Appium][39m [31m&#039;npm&#039; executable is not found neither in the process working folder (/Users/parveensahu/Documents/Nagarro/NAGP/workspace_BiAnnualexam/AppiumBenchTraining) nor in any folders specified in the PATH environment variable (/usr/bin:/bin:/usr/sbin:/sbin)[39m
]" type="io.appium.java_client.service.local.AppiumServerHasNotBeenStartedLocallyException">
      <![CDATA[io.appium.java_client.service.local.AppiumServerHasNotBeenStartedLocallyException: [The local appium server has not been started, Reason: Timed out waiting for [http://127.0.0.1:4723/status] to be available after 20008 ms, Consider increasing the server startup timeout value (currently 20000ms), Node.js executable path: /Users/parveensahu/.nvm/versions/node/v22.6.0/bin/node, Arguments: [/Users/parveensahu/.nvm/versions/node/v22.6.0/lib/node_modules/appium/build/lib/main.js, --port, 4723, --address, 127.0.0.1, --log, /Users/parveensahu/Documents/Nagarro/NAGP/workspace_BiAnnualexam/AppiumBenchTraining/Appiumlog.txt, --local-timezone], Output: WARN Appium Appium encountered 1 warning while validating drivers found in manifest /Users/parveensahu/.appium/node_modules/.cache/appium/extensions.yaml
WARN Appium Driver "uiautomator2" has 1 potential problem: 
WARN Appium   - Driver "uiautomator2" (package `appium-uiautomator2-driver`) may be incompatible with the current version of Appium (v2.0.1) due to its peer dependency on older Appium v^2.4.1. Please upgrade `appium-uiautomator2-driver` to vundefined or newer.
[35m[Appium][39m [31m'npm' executable is not found neither in the process working folder (/Users/parveensahu/Documents/Nagarro/NAGP/workspace_BiAnnualexam/AppiumBenchTraining) nor in any folders specified in the PATH environment variable (/usr/bin:/bin:/usr/sbin:/sbin)[39m
]
at io.appium.java_client.service.local.AppiumDriverLocalService.start(AppiumDriverLocalService.java:202)
at appium.training.selendroid.TestSelendroidApp.setUp(TestSelendroidApp.java:65)
at java.base/jdk.internal.reflect.NativeMethodAccessorImpl.invoke0(Native Method)
at java.base/jdk.internal.reflect.NativeMethodAccessorImpl.invoke(NativeMethodAccessorImpl.java:77)
at java.base/jdk.internal.reflect.DelegatingMethodAccessorImpl.invoke(DelegatingMethodAccessorImpl.java:43)
at java.base/java.lang.reflect.Method.invoke(Method.java:568)
at org.testng.internal.MethodInvocationHelper.invokeMethod(MethodInvocationHelper.java:133)
at org.testng.internal.TestInvoker.invokeMethod(TestInvoker.java:598)
at org.testng.internal.TestInvoker.invokeTestMethod(TestInvoker.java:173)
at org.testng.internal.MethodRunner.runInSequence(MethodRunner.java:46)
at org.testng.internal.TestInvoker$MethodInvocationAgent.invoke(TestInvoker.java:824)
at org.testng.internal.TestInvoker.invokeTestMethods(TestInvoker.java:146)
at org.testng.internal.TestMethodWorker.invokeTestMethods(TestMethodWorker.java:146)
at org.testng.internal.TestMethodWorker.run(TestMethodWorker.java:128)
at java.base/java.util.ArrayList.forEach(ArrayList.java:1511)
at org.testng.TestRunner.privateRun(TestRunner.java:794)
at org.testng.TestRunner.run(TestRunner.java:596)
at org.testng.SuiteRunner.runTest(SuiteRunner.java:377)
at org.testng.SuiteRunner.runSequentially(SuiteRunner.java:371)
at org.testng.SuiteRunner.privateRun(SuiteRunner.java:332)
at org.testng.SuiteRunner.run(SuiteRunner.java:276)
at org.testng.SuiteRunnerWorker.runSuite(SuiteRunnerWorker.java:53)
at org.testng.SuiteRunnerWorker.run(SuiteRunnerWorker.java:96)
at org.testng.TestNG.runSuitesSequentially(TestNG.java:1212)
at org.testng.TestNG.runSuitesLocally(TestNG.java:1134)
at org.testng.TestNG.runSuites(TestNG.java:1063)
at org.testng.TestNG.run(TestNG.java:1031)
at org.testng.remote.AbstractRemoteTestNG.run(AbstractRemoteTestNG.java:115)
at org.testng.remote.RemoteTestNG.initAndRun(RemoteTestNG.java:251)
at org.testng.remote.RemoteTestNG.main(RemoteTestNG.java:77)
Caused by: org.openqa.selenium.net.UrlChecker$TimeoutException: Timed out waiting for [http://127.0.0.1:4723/status] to be available after 20008 ms
at org.openqa.selenium.net.UrlChecker.waitUntilAvailable(UrlChecker.java:94)
at io.appium.java_client.service.local.AppiumDriverLocalService.ping(AppiumDriverLocalService.java:157)
at io.appium.java_client.service.local.AppiumDriverLocalService.start(AppiumDriverLocalService.java:181)
... 29 more
Caused by: java.util.concurrent.TimeoutException
at java.base/java.util.concurrent.FutureTask.get(FutureTask.java:204)
at org.openqa.selenium.net.UrlChecker.waitUntilAvailable(UrlChecker.java:91)
... 31 more
]]>
    </error>
  </testcase> <!-- setUp -->
  <system-out/>
</testsuite> <!-- appium.training.selendroid.TestSelendroidApp -->
