<?xml version="1.0" encoding="UTF-8"?>
<!-- Generated by org.testng.reporters.JUnitReportReporter -->
<testsuite hostname="IN-FVFHM15VQ05P.local" failures="0" tests="1" name="appium.training.selendroid.TestSampleApp" time="8.017" errors="0" timestamp="2024-08-19T07:59:26 IST" skipped="0">
  <testcase classname="appium.training.selendroid.TestSampleApp" name="setUp" time="8.017"/>
  <system-out/>
</testsuite> <!-- appium.training.selendroid.TestSampleApp -->
